# JRE version: Java(TM) SE Runtime Environment (8.0_131-b11) (build 1.8.0_131-b11)
# Java VM: Java HotSpot(TM) 64-Bit Server VM (25.131-b11 mixed mode windows-amd64 compressed oops)
Heap:
 PSYoungGen      total 225792K, used 10160K [0x00000000d5d80000, 0x00000000e4300000, 0x0000000100000000)
  eden space 216576K, 1% used [0x00000000d5d80000,0x00000000d618c2c0,0x00000000e3100000)
  from space 9216K, 65% used [0x00000000e3a00000,0x00000000e3fe0000,0x00000000e4300000)
  to   space 9216K, 0% used [0x00000000e3100000,0x00000000e3100000,0x00000000e3a00000)
 ParOldGen       total 51712K, used 20396K [0x0000000081800000, 0x0000000084a80000, 0x00000000d5d80000)
  object space 51712K, 39% used [0x0000000081800000,0x0000000082beb290,0x0000000084a80000)
 Metaspace       used 33873K, capacity 34360K, committed 34560K, reserved 1079296K
  class space    used 4216K, capacity 4325K, committed 4352K, reserved 1048576K
GC Heap History (10 events):
Event: 2.759 GC heap before
{Heap before GC invocations=9 (full 1):
 PSYoungGen      total 73728K, used 66048K [0x00000000d5d80000, 0x00000000dec80000, 0x0000000100000000)
  eden space 66048K, 100% used [0x00000000d5d80000,0x00000000d9e00000,0x00000000d9e00000)
  from space 7680K, 0% used [0x00000000d9e00000,0x00000000d9e00000,0x00000000da580000)
  to   space 7168K, 0% used [0x00000000de580000,0x00000000de580000,0x00000000dec80000)
 ParOldGen       total 51712K, used 6588K [0x0000000081800000, 0x0000000084a80000, 0x00000000d5d80000)
  object space 51712K, 12% used [0x0000000081800000,0x0000000081e6f2b8,0x0000000084a80000)
 Metaspace       used 24293K, capacity 24622K, committed 24960K, reserved 1071104K
  class space    used 3021K, capacity 3118K, committed 3200K, reserved 1048576K
Event: 2.768 GC heap after
Heap after GC invocations=9 (full 1):
 PSYoungGen      total 117760K, used 4787K [0x00000000d5d80000, 0x00000000dea80000, 0x0000000100000000)
  eden space 112640K, 0% used [0x00000000d5d80000,0x00000000d5d80000,0x00000000dcb80000)
  from space 5120K, 93% used [0x00000000de580000,0x00000000dea2ce18,0x00000000dea80000)
  to   space 7168K, 0% used [0x00000000ddc80000,0x00000000ddc80000,0x00000000de380000)
 ParOldGen       total 51712K, used 6588K [0x0000000081800000, 0x0000000084a80000, 0x00000000d5d80000)
  object space 51712K, 12% used [0x0000000081800000,0x0000000081e6f2b8,0x0000000084a80000)
 Metaspace       used 24293K, capacity 24622K, committed 24960K, reserved 1071104K
  class space    used 3021K, capacity 3118K, committed 3200K, reserved 1048576K
}
Event: 3.260 GC heap before
{Heap before GC invocations=10 (full 1):
 PSYoungGen      total 117760K, used 117427K [0x00000000d5d80000, 0x00000000dea80000, 0x0000000100000000)
  eden space 112640K, 100% used [0x00000000d5d80000,0x00000000dcb80000,0x00000000dcb80000)
  from space 5120K, 93% used [0x00000000de580000,0x00000000dea2ce18,0x00000000dea80000)
  to   space 7168K, 0% used [0x00000000ddc80000,0x00000000ddc80000,0x00000000de380000)
 ParOldGen       total 51712K, used 6588K [0x0000000081800000, 0x0000000084a80000, 0x00000000d5d80000)
  object space 51712K, 12% used [0x0000000081800000,0x0000000081e6f2b8,0x0000000084a80000)
 Metaspace       used 25032K, capacity 25342K, committed 25600K, reserved 1071104K
  class space    used 3112K, capacity 3222K, committed 3328K, reserved 1048576K
Event: 3.269 GC heap after
Heap after GC invocations=10 (full 1):
 PSYoungGen      total 137216K, used 4982K [0x00000000d5d80000, 0x00000000e0680000, 0x0000000100000000)
  eden space 130048K, 0% used [0x00000000d5d80000,0x00000000d5d80000,0x00000000ddc80000)
  from space 7168K, 69% used [0x00000000ddc80000,0x00000000de15da90,0x00000000de380000)
  to   space 7168K, 0% used [0x00000000dff80000,0x00000000dff80000,0x00000000e0680000)
 ParOldGen       total 51712K, used 6588K [0x0000000081800000, 0x0000000084a80000, 0x00000000d5d80000)
  object space 51712K, 12% used [0x0000000081800000,0x0000000081e6f2b8,0x0000000084a80000)
 Metaspace       used 25032K, capacity 25342K, committed 25600K, reserved 1071104K
  class space    used 3112K, capacity 3222K, committed 3328K, reserved 1048576K
}
Event: 4.149 GC heap before
{Heap before GC invocations=11 (full 1):
 PSYoungGen      total 137216K, used 135030K [0x00000000d5d80000, 0x00000000e0680000, 0x0000000100000000)
  eden space 130048K, 100% used [0x00000000d5d80000,0x00000000ddc80000,0x00000000ddc80000)
  from space 7168K, 69% used [0x00000000ddc80000,0x00000000de15da90,0x00000000de380000)
  to   space 7168K, 0% used [0x00000000dff80000,0x00000000dff80000,0x00000000e0680000)
 ParOldGen       total 51712K, used 6588K [0x0000000081800000, 0x0000000084a80000, 0x00000000d5d80000)
  object space 51712K, 12% used [0x0000000081800000,0x0000000081e6f2b8,0x0000000084a80000)
 Metaspace       used 28861K, capacity 29238K, committed 29568K, reserved 1075200K
  class space    used 3593K, capacity 3690K, committed 3712K, reserved 1048576K
Event: 4.160 GC heap after
Heap after GC invocations=11 (full 1):
 PSYoungGen      total 164352K, used 7163K [0x00000000d5d80000, 0x00000000e1f80000, 0x0000000100000000)
  eden space 157184K, 0% used [0x00000000d5d80000,0x00000000d5d80000,0x00000000df700000)
  from space 7168K, 99% used [0x00000000dff80000,0x00000000e067efa8,0x00000000e0680000)
  to   space 8704K, 0% used [0x00000000df700000,0x00000000df700000,0x00000000dff80000)
 ParOldGen       total 51712K, used 9595K [0x0000000081800000, 0x0000000084a80000, 0x00000000d5d80000)
  object space 51712K, 18% used [0x0000000081800000,0x000000008215eea0,0x0000000084a80000)
 Metaspace       used 28861K, capacity 29238K, committed 29568K, reserved 1075200K
  class space    used 3593K, capacity 3690K, committed 3712K, reserved 1048576K
}
Event: 5.041 GC heap before
{Heap before GC invocations=12 (full 1):
 PSYoungGen      total 164352K, used 164347K [0x00000000d5d80000, 0x00000000e1f80000, 0x0000000100000000)
  eden space 157184K, 100% used [0x00000000d5d80000,0x00000000df700000,0x00000000df700000)
  from space 7168K, 99% used [0x00000000dff80000,0x00000000e067efa8,0x00000000e0680000)
  to   space 8704K, 0% used [0x00000000df700000,0x00000000df700000,0x00000000dff80000)
 ParOldGen       total 51712K, used 9595K [0x0000000081800000, 0x0000000084a80000, 0x00000000d5d80000)
  object space 51712K, 18% used [0x0000000081800000,0x000000008215eea0,0x0000000084a80000)
 Metaspace       used 31918K, capacity 32312K, committed 32512K, reserved 1077248K
  class space    used 3991K, capacity 4085K, committed 4096K, reserved 1048576K
Event: 5.053 GC heap after
Heap after GC invocations=12 (full 1):
 PSYoungGen      total 165888K, used 7815K [0x00000000d5d80000, 0x00000000e4300000, 0x0000000100000000)
  eden space 157184K, 0% used [0x00000000d5d80000,0x00000000d5d80000,0x00000000df700000)
  from space 8704K, 89% used [0x00000000df700000,0x00000000dfea1de0,0x00000000dff80000)
  to   space 9216K, 0% used [0x00000000e3a00000,0x00000000e3a00000,0x00000000e4300000)
 ParOldGen       total 51712K, used 14885K [0x0000000081800000, 0x0000000084a80000, 0x00000000d5d80000)
  object space 51712K, 28% used [0x0000000081800000,0x0000000082689400,0x0000000084a80000)
 Metaspace       used 31918K, capacity 32312K, committed 32512K, reserved 1077248K
  class space    used 3991K, capacity 4085K, committed 4096K, reserved 1048576K
}
Event: 6.111 GC heap before
{Heap before GC invocations=13 (full 1):
 PSYoungGen      total 165888K, used 164999K [0x00000000d5d80000, 0x00000000e4300000, 0x0000000100000000)
  eden space 157184K, 100% used [0x00000000d5d80000,0x00000000df700000,0x00000000df700000)
  from space 8704K, 89% used [0x00000000df700000,0x00000000dfea1de0,0x00000000dff80000)
  to   space 9216K, 0% used [0x00000000e3a00000,0x00000000e3a00000,0x00000000e4300000)
 ParOldGen       total 51712K, used 14885K [0x0000000081800000, 0x0000000084a80000, 0x00000000d5d80000)
  object space 51712K, 28% used [0x0000000081800000,0x0000000082689400,0x0000000084a80000)
 Metaspace       used 33855K, capacity 34296K, committed 34560K, reserved 1079296K
  class space    used 4215K, capacity 4325K, committed 4352K, reserved 1048576K
Event: 6.134 GC heap after
Heap after GC invocations=13 (full 1):
 PSYoungGen      total 225792K, used 6016K [0x00000000d5d80000, 0x00000000e4300000, 0x0000000100000000)
  eden space 216576K, 0% used [0x00000000d5d80000,0x00000000d5d80000,0x00000000e3100000)
  from space 9216K, 65% used [0x00000000e3a00000,0x00000000e3fe0000,0x00000000e4300000)
  to   space 9216K, 0% used [0x00000000e3100000,0x00000000e3100000,0x00000000e3a00000)
 ParOldGen       total 51712K, used 20396K [0x0000000081800000, 0x0000000084a80000, 0x00000000d5d80000)
  object space 51712K, 39% used [0x0000000081800000,0x0000000082beb290,0x0000000084a80000)
 Metaspace       used 33855K, capacity 34296K, committed 34560K, reserved 1079296K
  class space    used 4215K, capacity 4325K, committed 4352K, reserved 1048576K
}

